0 info it worked if it ends with ok
1 verbose cli [ '/Users/kuncheng/.nvm/versions/node/v5.9.0/bin/node',
1 verbose cli   '/Users/kuncheng/.nvm/versions/node/v5.9.0/bin/npm',
1 verbose cli   'run',
1 verbose cli   'build' ]
2 info using npm@3.7.3
3 info using node@v5.9.0
4 verbose run-script [ 'prebuild', 'build', 'postbuild' ]
5 info lifecycle drive@1.0.0~prebuild: drive@1.0.0
6 silly lifecycle drive@1.0.0~prebuild: no script for prebuild, continuing
7 info lifecycle drive@1.0.0~build: drive@1.0.0
8 verbose lifecycle drive@1.0.0~build: unsafe-perm in lifecycle true
9 verbose lifecycle drive@1.0.0~build: PATH: /Users/kuncheng/.nvm/versions/node/v5.9.0/lib/node_modules/npm/bin/node-gyp-bin:/Users/kuncheng/work/2018.Q3/drive/node_modules/.bin:/Users/kuncheng/.nvm/versions/node/v5.9.0/bin:/Users/kuncheng/.nvm/versions/node/v5.9.0/bin:/Library/Frameworks/Python.framework/Versions/3.6/bin:/usr/local/bin:/usr/bin:/bin:/usr/sbin:/sbin:/Library/Frameworks/Python.framework/Versions/3.6/bin
10 verbose lifecycle drive@1.0.0~build: CWD: /Users/kuncheng/work/2018.Q3/drive
11 silly lifecycle drive@1.0.0~build: Args: [ '-c', 'node ./build/build' ]
12 silly lifecycle drive@1.0.0~build: Returned: code: 1  signal: null
13 info lifecycle drive@1.0.0~build: Failed to exec build script
14 verbose stack Error: drive@1.0.0 build: `node ./build/build`
14 verbose stack Exit status 1
14 verbose stack     at EventEmitter.<anonymous> (/Users/kuncheng/.nvm/versions/node/v5.9.0/lib/node_modules/npm/lib/utils/lifecycle.js:239:16)
14 verbose stack     at emitTwo (events.js:100:13)
14 verbose stack     at EventEmitter.emit (events.js:185:7)
14 verbose stack     at ChildProcess.<anonymous> (/Users/kuncheng/.nvm/versions/node/v5.9.0/lib/node_modules/npm/lib/utils/spawn.js:24:14)
14 verbose stack     at emitTwo (events.js:100:13)
14 verbose stack     at ChildProcess.emit (events.js:185:7)
14 verbose stack     at maybeClose (internal/child_process.js:850:16)
14 verbose stack     at Process.ChildProcess._handle.onexit (internal/child_process.js:215:5)
15 verbose pkgid drive@1.0.0
16 verbose cwd /Users/kuncheng/work/2018.Q3/drive
17 error Darwin 17.5.0
18 error argv "/Users/kuncheng/.nvm/versions/node/v5.9.0/bin/node" "/Users/kuncheng/.nvm/versions/node/v5.9.0/bin/npm" "run" "build"
19 error node v5.9.0
20 error npm  v3.7.3
21 error code ELIFECYCLE
22 error drive@1.0.0 build: `node ./build/build`
22 error Exit status 1
23 error Failed at the drive@1.0.0 build script 'node ./build/build'.
23 error Make sure you have the latest version of node.js and npm installed.
23 error If you do, this is most likely a problem with the drive package,
23 error not with npm itself.
23 error Tell the author that this fails on your system:
23 error     node ./build/build
23 error You can get information on how to open an issue for this project with:
23 error     npm bugs drive
23 error Or if that isn't available, you can get their info via:
23 error     npm owner ls drive
23 error There is likely additional logging output above.
24 verbose exit [ 1, true ]
